\BOOKMARK [0][-]{chapter.1}{\376\377\0001\000\040\000C\000l\000a\000s\000s\000\040\000I\000n\000d\000e\000x}{}% 1
\BOOKMARK [1][-]{section.1.1}{\376\377\0001\000.\0001\000\040\000C\000l\000a\000s\000s\000\040\000L\000i\000s\000t}{chapter.1}% 2
\BOOKMARK [0][-]{chapter.2}{\376\377\0002\000\040\000F\000i\000l\000e\000\040\000I\000n\000d\000e\000x}{}% 3
\BOOKMARK [1][-]{section.2.1}{\376\377\0002\000.\0001\000\040\000F\000i\000l\000e\000\040\000L\000i\000s\000t}{chapter.2}% 4
\BOOKMARK [0][-]{chapter.3}{\376\377\0003\000\040\000C\000l\000a\000s\000s\000\040\000D\000o\000c\000u\000m\000e\000n\000t\000a\000t\000i\000o\000n}{}% 5
\BOOKMARK [1][-]{section.3.1}{\376\377\0003\000.\0001\000\040\000c\000o\000o\000r\000d\000i\000n\000a\000t\000e\000\040\000S\000t\000r\000u\000c\000t\000\040\000R\000e\000f\000e\000r\000e\000n\000c\000e}{chapter.3}% 6
\BOOKMARK [2][-]{subsection.3.1.1}{\376\377\0003\000.\0001\000.\0001\000\040\000D\000e\000t\000a\000i\000l\000e\000d\000\040\000D\000e\000s\000c\000r\000i\000p\000t\000i\000o\000n}{section.3.1}% 7
\BOOKMARK [2][-]{subsection.3.1.2}{\376\377\0003\000.\0001\000.\0002\000\040\000C\000o\000n\000s\000t\000r\000u\000c\000t\000o\000r\000\040\000\046\000\040\000D\000e\000s\000t\000r\000u\000c\000t\000o\000r\000\040\000D\000o\000c\000u\000m\000e\000n\000t\000a\000t\000i\000o\000n}{section.3.1}% 8
\BOOKMARK [3][-]{subsubsection.3.1.2.1}{\376\377\0003\000.\0001\000.\0002\000.\0001\000\040\000c\000o\000o\000r\000d\000i\000n\000a\000t\000e\000\050\000\051\000\040\000[\0001\000/\0002\000]}{subsection.3.1.2}% 9
\BOOKMARK [3][-]{subsubsection.3.1.2.2}{\376\377\0003\000.\0001\000.\0002\000.\0002\000\040\000c\000o\000o\000r\000d\000i\000n\000a\000t\000e\000\050\000\051\000\040\000[\0002\000/\0002\000]}{subsection.3.1.2}% 10
\BOOKMARK [2][-]{subsection.3.1.3}{\376\377\0003\000.\0001\000.\0003\000\040\000M\000e\000m\000b\000e\000r\000\040\000F\000u\000n\000c\000t\000i\000o\000n\000\040\000D\000o\000c\000u\000m\000e\000n\000t\000a\000t\000i\000o\000n}{section.3.1}% 11
\BOOKMARK [3][-]{subsubsection.3.1.3.1}{\376\377\0003\000.\0001\000.\0003\000.\0001\000\040\000e\000q\000u\000a\000l\000s\000\050\000\051}{subsection.3.1.3}% 12
\BOOKMARK [3][-]{subsubsection.3.1.3.2}{\376\377\0003\000.\0001\000.\0003\000.\0002\000\040\000o\000p\000e\000r\000a\000t\000o\000r\000=\000=\000\050\000\051}{subsection.3.1.3}% 13
\BOOKMARK [2][-]{subsection.3.1.4}{\376\377\0003\000.\0001\000.\0004\000\040\000M\000e\000m\000b\000e\000r\000\040\000D\000a\000t\000a\000\040\000D\000o\000c\000u\000m\000e\000n\000t\000a\000t\000i\000o\000n}{section.3.1}% 14
\BOOKMARK [3][-]{subsubsection.3.1.4.1}{\376\377\0003\000.\0001\000.\0004\000.\0001\000\040\000x}{subsection.3.1.4}% 15
\BOOKMARK [3][-]{subsubsection.3.1.4.2}{\376\377\0003\000.\0001\000.\0004\000.\0002\000\040\000y}{subsection.3.1.4}% 16
\BOOKMARK [3][-]{subsubsection.3.1.4.3}{\376\377\0003\000.\0001\000.\0004\000.\0003\000\040\000z}{subsection.3.1.4}% 17
\BOOKMARK [1][-]{section.3.2}{\376\377\0003\000.\0002\000\040\000c\000o\000o\000r\000d\000i\000n\000a\000t\000e\000H\000a\000s\000h\000e\000r\000\040\000S\000t\000r\000u\000c\000t\000\040\000R\000e\000f\000e\000r\000e\000n\000c\000e}{chapter.3}% 18
\BOOKMARK [2][-]{subsection.3.2.1}{\376\377\0003\000.\0002\000.\0001\000\040\000D\000e\000t\000a\000i\000l\000e\000d\000\040\000D\000e\000s\000c\000r\000i\000p\000t\000i\000o\000n}{section.3.2}% 19
\BOOKMARK [2][-]{subsection.3.2.2}{\376\377\0003\000.\0002\000.\0002\000\040\000M\000e\000m\000b\000e\000r\000\040\000F\000u\000n\000c\000t\000i\000o\000n\000\040\000D\000o\000c\000u\000m\000e\000n\000t\000a\000t\000i\000o\000n}{section.3.2}% 20
\BOOKMARK [3][-]{subsubsection.3.2.2.1}{\376\377\0003\000.\0002\000.\0002\000.\0001\000\040\000o\000p\000e\000r\000a\000t\000o\000r\000\050\000\051\000\050\000\051}{subsection.3.2.2}% 21
\BOOKMARK [1][-]{section.3.3}{\376\377\0003\000.\0003\000\040\000c\000o\000o\000r\000d\000i\000n\000a\000t\000e\000P\000a\000i\000r\000\040\000S\000t\000r\000u\000c\000t\000\040\000R\000e\000f\000e\000r\000e\000n\000c\000e}{chapter.3}% 22
\BOOKMARK [2][-]{subsection.3.3.1}{\376\377\0003\000.\0003\000.\0001\000\040\000D\000e\000t\000a\000i\000l\000e\000d\000\040\000D\000e\000s\000c\000r\000i\000p\000t\000i\000o\000n}{section.3.3}% 23
\BOOKMARK [2][-]{subsection.3.3.2}{\376\377\0003\000.\0003\000.\0002\000\040\000C\000o\000n\000s\000t\000r\000u\000c\000t\000o\000r\000\040\000\046\000\040\000D\000e\000s\000t\000r\000u\000c\000t\000o\000r\000\040\000D\000o\000c\000u\000m\000e\000n\000t\000a\000t\000i\000o\000n}{section.3.3}% 24
\BOOKMARK [3][-]{subsubsection.3.3.2.1}{\376\377\0003\000.\0003\000.\0002\000.\0001\000\040\000c\000o\000o\000r\000d\000i\000n\000a\000t\000e\000P\000a\000i\000r\000\050\000\051\000\040\000[\0001\000/\0003\000]}{subsection.3.3.2}% 25
\BOOKMARK [3][-]{subsubsection.3.3.2.2}{\376\377\0003\000.\0003\000.\0002\000.\0002\000\040\000c\000o\000o\000r\000d\000i\000n\000a\000t\000e\000P\000a\000i\000r\000\050\000\051\000\040\000[\0002\000/\0003\000]}{subsection.3.3.2}% 26
\BOOKMARK [3][-]{subsubsection.3.3.2.3}{\376\377\0003\000.\0003\000.\0002\000.\0003\000\040\000c\000o\000o\000r\000d\000i\000n\000a\000t\000e\000P\000a\000i\000r\000\050\000\051\000\040\000[\0003\000/\0003\000]}{subsection.3.3.2}% 27
\BOOKMARK [2][-]{subsection.3.3.3}{\376\377\0003\000.\0003\000.\0003\000\040\000M\000e\000m\000b\000e\000r\000\040\000F\000u\000n\000c\000t\000i\000o\000n\000\040\000D\000o\000c\000u\000m\000e\000n\000t\000a\000t\000i\000o\000n}{section.3.3}% 28
\BOOKMARK [3][-]{subsubsection.3.3.3.1}{\376\377\0003\000.\0003\000.\0003\000.\0001\000\040\000c\000o\000n\000v\000e\000r\000t\000T\000o\000S\000t\000a\000n\000d\000a\000r\000d\000F\000o\000r\000m\000\050\000\051}{subsection.3.3.3}% 29
\BOOKMARK [3][-]{subsubsection.3.3.3.2}{\376\377\0003\000.\0003\000.\0003\000.\0002\000\040\000o\000p\000e\000r\000a\000t\000o\000r\000=\000=\000\050\000\051}{subsection.3.3.3}% 30
\BOOKMARK [2][-]{subsection.3.3.4}{\376\377\0003\000.\0003\000.\0004\000\040\000M\000e\000m\000b\000e\000r\000\040\000D\000a\000t\000a\000\040\000D\000o\000c\000u\000m\000e\000n\000t\000a\000t\000i\000o\000n}{section.3.3}% 31
\BOOKMARK [3][-]{subsubsection.3.3.4.1}{\376\377\0003\000.\0003\000.\0004\000.\0001\000\040\000v\0001}{subsection.3.3.4}% 32
\BOOKMARK [3][-]{subsubsection.3.3.4.2}{\376\377\0003\000.\0003\000.\0004\000.\0002\000\040\000v\0002}{subsection.3.3.4}% 33
\BOOKMARK [1][-]{section.3.4}{\376\377\0003\000.\0004\000\040\000e\000d\000g\000e\000\040\000S\000t\000r\000u\000c\000t\000\040\000R\000e\000f\000e\000r\000e\000n\000c\000e}{chapter.3}% 34
\BOOKMARK [2][-]{subsection.3.4.1}{\376\377\0003\000.\0004\000.\0001\000\040\000D\000e\000t\000a\000i\000l\000e\000d\000\040\000D\000e\000s\000c\000r\000i\000p\000t\000i\000o\000n}{section.3.4}% 35
\BOOKMARK [2][-]{subsection.3.4.2}{\376\377\0003\000.\0004\000.\0002\000\040\000C\000o\000n\000s\000t\000r\000u\000c\000t\000o\000r\000\040\000\046\000\040\000D\000e\000s\000t\000r\000u\000c\000t\000o\000r\000\040\000D\000o\000c\000u\000m\000e\000n\000t\000a\000t\000i\000o\000n}{section.3.4}% 36
\BOOKMARK [3][-]{subsubsection.3.4.2.1}{\376\377\0003\000.\0004\000.\0002\000.\0001\000\040\000e\000d\000g\000e\000\050\000\051\000\040\000[\0001\000/\0002\000]}{subsection.3.4.2}% 37
\BOOKMARK [3][-]{subsubsection.3.4.2.2}{\376\377\0003\000.\0004\000.\0002\000.\0002\000\040\000e\000d\000g\000e\000\050\000\051\000\040\000[\0002\000/\0002\000]}{subsection.3.4.2}% 38
\BOOKMARK [2][-]{subsection.3.4.3}{\376\377\0003\000.\0004\000.\0003\000\040\000M\000e\000m\000b\000e\000r\000\040\000F\000u\000n\000c\000t\000i\000o\000n\000\040\000D\000o\000c\000u\000m\000e\000n\000t\000a\000t\000i\000o\000n}{section.3.4}% 39
\BOOKMARK [3][-]{subsubsection.3.4.3.1}{\376\377\0003\000.\0004\000.\0003\000.\0001\000\040\000c\000o\000n\000v\000e\000r\000t\000T\000o\000S\000t\000a\000n\000d\000a\000r\000d\000F\000o\000r\000m\000\050\000\051}{subsection.3.4.3}% 40
\BOOKMARK [2][-]{subsection.3.4.4}{\376\377\0003\000.\0004\000.\0004\000\040\000M\000e\000m\000b\000e\000r\000\040\000D\000a\000t\000a\000\040\000D\000o\000c\000u\000m\000e\000n\000t\000a\000t\000i\000o\000n}{section.3.4}% 41
\BOOKMARK [3][-]{subsubsection.3.4.4.1}{\376\377\0003\000.\0004\000.\0004\000.\0001\000\040\000h\000i\000d\000d\000e\000n\000X\000Y}{subsection.3.4.4}% 42
\BOOKMARK [3][-]{subsubsection.3.4.4.2}{\376\377\0003\000.\0004\000.\0004\000.\0002\000\040\000h\000i\000d\000d\000e\000n\000Y\000Z}{subsection.3.4.4}% 43
\BOOKMARK [3][-]{subsubsection.3.4.4.3}{\376\377\0003\000.\0004\000.\0004\000.\0003\000\040\000h\000i\000d\000d\000e\000n\000Z\000X}{subsection.3.4.4}% 44
\BOOKMARK [3][-]{subsubsection.3.4.4.4}{\376\377\0003\000.\0004\000.\0004\000.\0004\000\040\000v\0001}{subsection.3.4.4}% 45
\BOOKMARK [3][-]{subsubsection.3.4.4.5}{\376\377\0003\000.\0004\000.\0004\000.\0005\000\040\000v\0002}{subsection.3.4.4}% 46
\BOOKMARK [1][-]{section.3.5}{\376\377\0003\000.\0005\000\040\000e\000d\000g\000e\000s\000\040\000C\000l\000a\000s\000s\000\040\000R\000e\000f\000e\000r\000e\000n\000c\000e}{chapter.3}% 47
\BOOKMARK [2][-]{subsection.3.5.1}{\376\377\0003\000.\0005\000.\0001\000\040\000D\000e\000t\000a\000i\000l\000e\000d\000\040\000D\000e\000s\000c\000r\000i\000p\000t\000i\000o\000n}{section.3.5}% 48
\BOOKMARK [2][-]{subsection.3.5.2}{\376\377\0003\000.\0005\000.\0002\000\040\000M\000e\000m\000b\000e\000r\000\040\000F\000u\000n\000c\000t\000i\000o\000n\000\040\000D\000o\000c\000u\000m\000e\000n\000t\000a\000t\000i\000o\000n}{section.3.5}% 49
\BOOKMARK [3][-]{subsubsection.3.5.2.1}{\376\377\0003\000.\0005\000.\0002\000.\0001\000\040\000a\000d\000d\000E\000d\000g\000e\000\050\000\051\000\040\000[\0001\000/\0002\000]}{subsection.3.5.2}% 50
\BOOKMARK [3][-]{subsubsection.3.5.2.2}{\376\377\0003\000.\0005\000.\0002\000.\0002\000\040\000a\000d\000d\000E\000d\000g\000e\000\050\000\051\000\040\000[\0002\000/\0002\000]}{subsection.3.5.2}% 51
\BOOKMARK [3][-]{subsubsection.3.5.2.3}{\376\377\0003\000.\0005\000.\0002\000.\0003\000\040\000b\000r\000e\000a\000k\000E\000d\000g\000e\000s\000\050\000\051}{subsection.3.5.2}% 52
\BOOKMARK [3][-]{subsubsection.3.5.2.4}{\376\377\0003\000.\0005\000.\0002\000.\0004\000\040\000c\000h\000a\000n\000g\000e\000F\000r\000a\000m\000e\000\050\000\051}{subsection.3.5.2}% 53
\BOOKMARK [3][-]{subsubsection.3.5.2.5}{\376\377\0003\000.\0005\000.\0002\000.\0005\000\040\000c\000o\000r\000r\000e\000c\000t\000M\000e\000s\000h\000\050\000\051}{subsection.3.5.2}% 54
\BOOKMARK [3][-]{subsubsection.3.5.2.6}{\376\377\0003\000.\0005\000.\0002\000.\0006\000\040\000g\000e\000t\000E\000d\000g\000e\000s\000\050\000\051}{subsection.3.5.2}% 55
\BOOKMARK [3][-]{subsubsection.3.5.2.7}{\376\377\0003\000.\0005\000.\0002\000.\0007\000\040\000g\000e\000t\000P\000r\000o\000b\000a\000b\000l\000e\000E\000d\000g\000e\000s\000\050\000\051}{subsection.3.5.2}% 56
\BOOKMARK [3][-]{subsubsection.3.5.2.8}{\376\377\0003\000.\0005\000.\0002\000.\0008\000\040\000g\000e\000t\000P\000r\000o\000b\000a\000b\000l\000e\000V\000e\000r\000t\000i\000c\000e\000s\000\050\000\051}{subsection.3.5.2}% 57
\BOOKMARK [3][-]{subsubsection.3.5.2.9}{\376\377\0003\000.\0005\000.\0002\000.\0009\000\040\000g\000e\000t\000V\000e\000r\000t\000i\000c\000e\000s\000\050\000\051}{subsection.3.5.2}% 58
\BOOKMARK [2][-]{subsection.3.5.3}{\376\377\0003\000.\0005\000.\0003\000\040\000M\000e\000m\000b\000e\000r\000\040\000D\000a\000t\000a\000\040\000D\000o\000c\000u\000m\000e\000n\000t\000a\000t\000i\000o\000n}{section.3.5}% 59
\BOOKMARK [3][-]{subsubsection.3.5.3.1}{\376\377\0003\000.\0005\000.\0003\000.\0001\000\040\000e}{subsection.3.5.3}% 60
\BOOKMARK [3][-]{subsubsection.3.5.3.2}{\376\377\0003\000.\0005\000.\0003\000.\0002\000\040\000v}{subsection.3.5.3}% 61
\BOOKMARK [1][-]{section.3.6}{\376\377\0003\000.\0006\000\040\000f\000a\000c\000e\000\040\000S\000t\000r\000u\000c\000t\000\040\000R\000e\000f\000e\000r\000e\000n\000c\000e}{chapter.3}% 62
\BOOKMARK [2][-]{subsection.3.6.1}{\376\377\0003\000.\0006\000.\0001\000\040\000D\000e\000t\000a\000i\000l\000e\000d\000\040\000D\000e\000s\000c\000r\000i\000p\000t\000i\000o\000n}{section.3.6}% 63
\BOOKMARK [2][-]{subsection.3.6.2}{\376\377\0003\000.\0006\000.\0002\000\040\000M\000e\000m\000b\000e\000r\000\040\000D\000a\000t\000a\000\040\000D\000o\000c\000u\000m\000e\000n\000t\000a\000t\000i\000o\000n}{section.3.6}% 64
\BOOKMARK [3][-]{subsubsection.3.6.2.1}{\376\377\0003\000.\0006\000.\0002\000.\0001\000\040\000c\000o\000r\000r\000P\000l\000a\000n\000e}{subsection.3.6.2}% 65
\BOOKMARK [3][-]{subsubsection.3.6.2.2}{\376\377\0003\000.\0006\000.\0002\000.\0002\000\040\000e\000d\000g\000e\000s}{subsection.3.6.2}% 66
\BOOKMARK [1][-]{section.3.7}{\376\377\0003\000.\0007\000\040\000f\000a\000c\000e\000s\000\040\000C\000l\000a\000s\000s\000\040\000R\000e\000f\000e\000r\000e\000n\000c\000e}{chapter.3}% 67
\BOOKMARK [2][-]{subsection.3.7.1}{\376\377\0003\000.\0007\000.\0001\000\040\000D\000e\000t\000a\000i\000l\000e\000d\000\040\000D\000e\000s\000c\000r\000i\000p\000t\000i\000o\000n}{section.3.7}% 68
\BOOKMARK [2][-]{subsection.3.7.2}{\376\377\0003\000.\0007\000.\0002\000\040\000C\000o\000n\000s\000t\000r\000u\000c\000t\000o\000r\000\040\000\046\000\040\000D\000e\000s\000t\000r\000u\000c\000t\000o\000r\000\040\000D\000o\000c\000u\000m\000e\000n\000t\000a\000t\000i\000o\000n}{section.3.7}% 69
\BOOKMARK [3][-]{subsubsection.3.7.2.1}{\376\377\0003\000.\0007\000.\0002\000.\0001\000\040\000f\000a\000c\000e\000s\000\050\000\051}{subsection.3.7.2}% 70
\BOOKMARK [2][-]{subsection.3.7.3}{\376\377\0003\000.\0007\000.\0003\000\040\000M\000e\000m\000b\000e\000r\000\040\000F\000u\000n\000c\000t\000i\000o\000n\000\040\000D\000o\000c\000u\000m\000e\000n\000t\000a\000t\000i\000o\000n}{section.3.7}% 71
\BOOKMARK [3][-]{subsubsection.3.7.3.1}{\376\377\0003\000.\0007\000.\0003\000.\0001\000\040\000a\000d\000d\000F\000a\000c\000e\000\050\000\051}{subsection.3.7.3}% 72
\BOOKMARK [3][-]{subsubsection.3.7.3.2}{\376\377\0003\000.\0007\000.\0003\000.\0002\000\040\000c\000h\000a\000n\000g\000e\000F\000r\000a\000m\000e\000\050\000\051}{subsection.3.7.3}% 73
\BOOKMARK [3][-]{subsubsection.3.7.3.3}{\376\377\0003\000.\0007\000.\0003\000.\0003\000\040\000c\000h\000e\000c\000k\000H\000i\000d\000d\000e\000n\000\050\000\051}{subsection.3.7.3}% 74
\BOOKMARK [3][-]{subsubsection.3.7.3.4}{\376\377\0003\000.\0007\000.\0003\000.\0004\000\040\000c\000o\000r\000r\000e\000c\000t\000F\000a\000c\000e\000O\000r\000i\000e\000n\000t\000a\000t\000i\000o\000n\000\050\000\051}{subsection.3.7.3}% 75
\BOOKMARK [3][-]{subsubsection.3.7.3.5}{\376\377\0003\000.\0007\000.\0003\000.\0005\000\040\000g\000e\000t\000E\000d\000g\000e\000s\000\050\000\051}{subsection.3.7.3}% 76
\BOOKMARK [3][-]{subsubsection.3.7.3.6}{\376\377\0003\000.\0007\000.\0003\000.\0006\000\040\000g\000e\000t\000F\000a\000c\000e\000s\000\050\000\051}{subsection.3.7.3}% 77
\BOOKMARK [3][-]{subsubsection.3.7.3.7}{\376\377\0003\000.\0007\000.\0003\000.\0007\000\040\000m\000a\000k\000e\000F\000a\000c\000e\000s\000\050\000\051}{subsection.3.7.3}% 78
\BOOKMARK [3][-]{subsubsection.3.7.3.8}{\376\377\0003\000.\0007\000.\0003\000.\0008\000\040\000r\000e\000m\000o\000v\000e\000P\000s\000e\000u\000d\000o\000F\000a\000c\000e\000s\000\050\000\051}{subsection.3.7.3}% 79
\BOOKMARK [2][-]{subsection.3.7.4}{\376\377\0003\000.\0007\000.\0004\000\040\000M\000e\000m\000b\000e\000r\000\040\000D\000a\000t\000a\000\040\000D\000o\000c\000u\000m\000e\000n\000t\000a\000t\000i\000o\000n}{section.3.7}% 80
\BOOKMARK [3][-]{subsubsection.3.7.4.1}{\376\377\0003\000.\0007\000.\0004\000.\0001\000\040\000e}{subsection.3.7.4}% 81
\BOOKMARK [3][-]{subsubsection.3.7.4.2}{\376\377\0003\000.\0007\000.\0004\000.\0002\000\040\000f}{subsection.3.7.4}% 82
\BOOKMARK [1][-]{section.3.8}{\376\377\0003\000.\0008\000\040\000p\000l\000a\000n\000e\000\040\000S\000t\000r\000u\000c\000t\000\040\000R\000e\000f\000e\000r\000e\000n\000c\000e}{chapter.3}% 83
\BOOKMARK [2][-]{subsection.3.8.1}{\376\377\0003\000.\0008\000.\0001\000\040\000D\000e\000t\000a\000i\000l\000e\000d\000\040\000D\000e\000s\000c\000r\000i\000p\000t\000i\000o\000n}{section.3.8}% 84
\BOOKMARK [2][-]{subsection.3.8.2}{\376\377\0003\000.\0008\000.\0002\000\040\000M\000e\000m\000b\000e\000r\000\040\000D\000a\000t\000a\000\040\000D\000o\000c\000u\000m\000e\000n\000t\000a\000t\000i\000o\000n}{section.3.8}% 85
\BOOKMARK [3][-]{subsubsection.3.8.2.1}{\376\377\0003\000.\0008\000.\0002\000.\0001\000\040\000a}{subsection.3.8.2}% 86
\BOOKMARK [3][-]{subsubsection.3.8.2.2}{\376\377\0003\000.\0008\000.\0002\000.\0002\000\040\000b}{subsection.3.8.2}% 87
\BOOKMARK [3][-]{subsubsection.3.8.2.3}{\376\377\0003\000.\0008\000.\0002\000.\0003\000\040\000c}{subsection.3.8.2}% 88
\BOOKMARK [3][-]{subsubsection.3.8.2.4}{\376\377\0003\000.\0008\000.\0002\000.\0004\000\040\000d}{subsection.3.8.2}% 89
\BOOKMARK [1][-]{section.3.9}{\376\377\0003\000.\0009\000\040\000v\000e\000r\000t\000i\000c\000e\000s\000\040\000C\000l\000a\000s\000s\000\040\000R\000e\000f\000e\000r\000e\000n\000c\000e}{chapter.3}% 90
\BOOKMARK [2][-]{subsection.3.9.1}{\376\377\0003\000.\0009\000.\0001\000\040\000D\000e\000t\000a\000i\000l\000e\000d\000\040\000D\000e\000s\000c\000r\000i\000p\000t\000i\000o\000n}{section.3.9}% 91
\BOOKMARK [2][-]{subsection.3.9.2}{\376\377\0003\000.\0009\000.\0002\000\040\000M\000e\000m\000b\000e\000r\000\040\000F\000u\000n\000c\000t\000i\000o\000n\000\040\000D\000o\000c\000u\000m\000e\000n\000t\000a\000t\000i\000o\000n}{section.3.9}% 92
\BOOKMARK [3][-]{subsubsection.3.9.2.1}{\376\377\0003\000.\0009\000.\0002\000.\0001\000\040\000a\000d\000d\000V\000e\000r\000t\000e\000x\000\050\000\051\000\040\000[\0001\000/\0003\000]}{subsection.3.9.2}% 93
\BOOKMARK [3][-]{subsubsection.3.9.2.2}{\376\377\0003\000.\0009\000.\0002\000.\0002\000\040\000a\000d\000d\000V\000e\000r\000t\000e\000x\000\050\000\051\000\040\000[\0002\000/\0003\000]}{subsection.3.9.2}% 94
\BOOKMARK [3][-]{subsubsection.3.9.2.3}{\376\377\0003\000.\0009\000.\0002\000.\0003\000\040\000a\000d\000d\000V\000e\000r\000t\000e\000x\000\050\000\051\000\040\000[\0003\000/\0003\000]}{subsection.3.9.2}% 95
\BOOKMARK [3][-]{subsubsection.3.9.2.4}{\376\377\0003\000.\0009\000.\0002\000.\0004\000\040\000c\000h\000a\000n\000g\000e\000F\000r\000a\000m\000e\000\050\000\051}{subsection.3.9.2}% 96
\BOOKMARK [3][-]{subsubsection.3.9.2.5}{\376\377\0003\000.\0009\000.\0002\000.\0005\000\040\000g\000e\000t\000V\000e\000r\000t\000i\000c\000e\000s\000\050\000\051}{subsection.3.9.2}% 97
\BOOKMARK [2][-]{subsection.3.9.3}{\376\377\0003\000.\0009\000.\0003\000\040\000M\000e\000m\000b\000e\000r\000\040\000D\000a\000t\000a\000\040\000D\000o\000c\000u\000m\000e\000n\000t\000a\000t\000i\000o\000n}{section.3.9}% 98
\BOOKMARK [3][-]{subsubsection.3.9.3.1}{\376\377\0003\000.\0009\000.\0003\000.\0001\000\040\000v}{subsection.3.9.3}% 99
\BOOKMARK [0][-]{chapter.4}{\376\377\0004\000\040\000F\000i\000l\000e\000\040\000D\000o\000c\000u\000m\000e\000n\000t\000a\000t\000i\000o\000n}{}% 100
\BOOKMARK [1][-]{section.4.1}{\376\377\0004\000.\0001\000\040\000/\000U\000s\000e\000r\000s\000/\000m\000a\000d\000h\000u\000r\000/\000D\000o\000c\000u\000m\000e\000n\000t\000s\000/\000S\000e\000m\000\040\0006\000/\000C\000O\000P\0002\0009\0000\000/\000A\000s\000s\000i\000g\000n\000m\000e\000n\000t\000\040\0001\000/\000g\000i\000t\000/\000a\000s\000s\000i\000g\000n\000m\000e\000n\000t\000\137\0001\000/\000C\000o\000d\000e\000/\000i\000n\000c\000l\000u\000d\000e\000/\000e\000d\000g\000e\000s\000.\000h\000\040\000F\000i\000l\000e\000\040\000R\000e\000f\000e\000r\000e\000n\000c\000e}{chapter.4}% 101
\BOOKMARK [2][-]{subsection.4.1.1}{\376\377\0004\000.\0001\000.\0001\000\040\000M\000a\000c\000r\000o\000\040\000D\000e\000f\000i\000n\000i\000t\000i\000o\000n\000\040\000D\000o\000c\000u\000m\000e\000n\000t\000a\000t\000i\000o\000n}{section.4.1}% 102
\BOOKMARK [3][-]{subsubsection.4.1.1.1}{\376\377\0004\000.\0001\000.\0001\000.\0001\000\040\000E\000D\000G\000E\000S\000\137\000H}{subsection.4.1.1}% 103
\BOOKMARK [1][-]{section.4.2}{\376\377\0004\000.\0002\000\040\000/\000U\000s\000e\000r\000s\000/\000m\000a\000d\000h\000u\000r\000/\000D\000o\000c\000u\000m\000e\000n\000t\000s\000/\000S\000e\000m\000\040\0006\000/\000C\000O\000P\0002\0009\0000\000/\000A\000s\000s\000i\000g\000n\000m\000e\000n\000t\000\040\0001\000/\000g\000i\000t\000/\000a\000s\000s\000i\000g\000n\000m\000e\000n\000t\000\137\0001\000/\000C\000o\000d\000e\000/\000i\000n\000c\000l\000u\000d\000e\000/\000f\000a\000c\000e\000s\000.\000h\000\040\000F\000i\000l\000e\000\040\000R\000e\000f\000e\000r\000e\000n\000c\000e}{chapter.4}% 104
\BOOKMARK [1][-]{section.4.3}{\376\377\0004\000.\0003\000\040\000/\000U\000s\000e\000r\000s\000/\000m\000a\000d\000h\000u\000r\000/\000D\000o\000c\000u\000m\000e\000n\000t\000s\000/\000S\000e\000m\000\040\0006\000/\000C\000O\000P\0002\0009\0000\000/\000A\000s\000s\000i\000g\000n\000m\000e\000n\000t\000\040\0001\000/\000g\000i\000t\000/\000a\000s\000s\000i\000g\000n\000m\000e\000n\000t\000\137\0001\000/\000C\000o\000d\000e\000/\000i\000n\000c\000l\000u\000d\000e\000/\000i\000n\000o\000u\000t\000.\000h\000\040\000F\000i\000l\000e\000\040\000R\000e\000f\000e\000r\000e\000n\000c\000e}{chapter.4}% 105
\BOOKMARK [2][-]{subsection.4.3.1}{\376\377\0004\000.\0003\000.\0001\000\040\000F\000u\000n\000c\000t\000i\000o\000n\000\040\000D\000o\000c\000u\000m\000e\000n\000t\000a\000t\000i\000o\000n}{section.4.3}% 106
\BOOKMARK [3][-]{subsubsection.4.3.1.1}{\376\377\0004\000.\0003\000.\0001\000.\0001\000\040\000i\000n\000p\000u\000t\000\050\000\051}{subsection.4.3.1}% 107
\BOOKMARK [3][-]{subsubsection.4.3.1.2}{\376\377\0004\000.\0003\000.\0001\000.\0002\000\040\000o\000u\000t\000p\000u\000t\000\050\000\051}{subsection.4.3.1}% 108
\BOOKMARK [1][-]{section.4.4}{\376\377\0004\000.\0004\000\040\000/\000U\000s\000e\000r\000s\000/\000m\000a\000d\000h\000u\000r\000/\000D\000o\000c\000u\000m\000e\000n\000t\000s\000/\000S\000e\000m\000\040\0006\000/\000C\000O\000P\0002\0009\0000\000/\000A\000s\000s\000i\000g\000n\000m\000e\000n\000t\000\040\0001\000/\000g\000i\000t\000/\000a\000s\000s\000i\000g\000n\000m\000e\000n\000t\000\137\0001\000/\000C\000o\000d\000e\000/\000i\000n\000c\000l\000u\000d\000e\000/\000o\000b\000j\000e\000c\000t\000s\000.\000h\000\040\000F\000i\000l\000e\000\040\000R\000e\000f\000e\000r\000e\000n\000c\000e}{chapter.4}% 109
\BOOKMARK [2][-]{subsection.4.4.1}{\376\377\0004\000.\0004\000.\0001\000\040\000F\000u\000n\000c\000t\000i\000o\000n\000\040\000D\000o\000c\000u\000m\000e\000n\000t\000a\000t\000i\000o\000n}{section.4.4}% 110
\BOOKMARK [3][-]{subsubsection.4.4.1.1}{\376\377\0004\000.\0004\000.\0001\000.\0001\000\040\000o\000p\000e\000r\000a\000t\000o\000r\000\050\000\051}{subsection.4.4.1}% 111
\BOOKMARK [3][-]{subsubsection.4.4.1.2}{\376\377\0004\000.\0004\000.\0001\000.\0002\000\040\000o\000p\000e\000r\000a\000t\000o\000r\000\050\000\051\000\050\000\051}{subsection.4.4.1}% 112
\BOOKMARK [3][-]{subsubsection.4.4.1.3}{\376\377\0004\000.\0004\000.\0001\000.\0003\000\040\000v\000e\000r\000t\000e\000x\000\050\000\051\000\040\000[\0001\000/\0003\000]}{subsection.4.4.1}% 113
\BOOKMARK [3][-]{subsubsection.4.4.1.4}{\376\377\0004\000.\0004\000.\0001\000.\0004\000\040\000v\000e\000r\000t\000e\000x\000\050\000\051\000\040\000[\0002\000/\0003\000]}{subsection.4.4.1}% 114
\BOOKMARK [3][-]{subsubsection.4.4.1.5}{\376\377\0004\000.\0004\000.\0001\000.\0005\000\040\000v\000e\000r\000t\000e\000x\000\050\000\051\000\040\000[\0003\000/\0003\000]}{subsection.4.4.1}% 115
\BOOKMARK [2][-]{subsection.4.4.2}{\376\377\0004\000.\0004\000.\0002\000\040\000V\000a\000r\000i\000a\000b\000l\000e\000\040\000D\000o\000c\000u\000m\000e\000n\000t\000a\000t\000i\000o\000n}{section.4.4}% 116
\BOOKMARK [3][-]{subsubsection.4.4.2.1}{\376\377\0004\000.\0004\000.\0002\000.\0001\000\040\000f\000r\000a\000m\000e\000\137\000o\000l\000d}{subsection.4.4.2}% 117
\BOOKMARK [3][-]{subsubsection.4.4.2.2}{\376\377\0004\000.\0004\000.\0002\000.\0002\000\040\000n\000u\000m\000E\000d\000g\000e\000s}{subsection.4.4.2}% 118
\BOOKMARK [3][-]{subsubsection.4.4.2.3}{\376\377\0004\000.\0004\000.\0002\000.\0003\000\040\000v}{subsection.4.4.2}% 119
\BOOKMARK [1][-]{section.4.5}{\376\377\0004\000.\0005\000\040\000/\000U\000s\000e\000r\000s\000/\000m\000a\000d\000h\000u\000r\000/\000D\000o\000c\000u\000m\000e\000n\000t\000s\000/\000S\000e\000m\000\040\0006\000/\000C\000O\000P\0002\0009\0000\000/\000A\000s\000s\000i\000g\000n\000m\000e\000n\000t\000\040\0001\000/\000g\000i\000t\000/\000a\000s\000s\000i\000g\000n\000m\000e\000n\000t\000\137\0001\000/\000C\000o\000d\000e\000/\000i\000n\000c\000l\000u\000d\000e\000/\000v\000e\000r\000t\000i\000c\000e\000s\000.\000h\000\040\000F\000i\000l\000e\000\040\000R\000e\000f\000e\000r\000e\000n\000c\000e}{chapter.4}% 120
\BOOKMARK [2][-]{subsection.4.5.1}{\376\377\0004\000.\0005\000.\0001\000\040\000V\000a\000r\000i\000a\000b\000l\000e\000\040\000D\000o\000c\000u\000m\000e\000n\000t\000a\000t\000i\000o\000n}{section.4.5}% 121
\BOOKMARK [3][-]{subsubsection.4.5.1.1}{\376\377\0004\000.\0005\000.\0001\000.\0001\000\040\000o\000p\000e\000r\000a\000t\000o\000r}{subsection.4.5.1}% 122
\BOOKMARK [1][-]{section.4.6}{\376\377\0004\000.\0006\000\040\000/\000U\000s\000e\000r\000s\000/\000m\000a\000d\000h\000u\000r\000/\000D\000o\000c\000u\000m\000e\000n\000t\000s\000/\000S\000e\000m\000\040\0006\000/\000C\000O\000P\0002\0009\0000\000/\000A\000s\000s\000i\000g\000n\000m\000e\000n\000t\000\040\0001\000/\000g\000i\000t\000/\000a\000s\000s\000i\000g\000n\000m\000e\000n\000t\000\137\0001\000/\000C\000o\000d\000e\000/\000s\000r\000c\000/\000e\000d\000g\000e\000.\000c\000p\000p\000\040\000F\000i\000l\000e\000\040\000R\000e\000f\000e\000r\000e\000n\000c\000e}{chapter.4}% 123
\BOOKMARK [1][-]{section.4.7}{\376\377\0004\000.\0007\000\040\000/\000U\000s\000e\000r\000s\000/\000m\000a\000d\000h\000u\000r\000/\000D\000o\000c\000u\000m\000e\000n\000t\000s\000/\000S\000e\000m\000\040\0006\000/\000C\000O\000P\0002\0009\0000\000/\000A\000s\000s\000i\000g\000n\000m\000e\000n\000t\000\040\0001\000/\000g\000i\000t\000/\000a\000s\000s\000i\000g\000n\000m\000e\000n\000t\000\137\0001\000/\000C\000o\000d\000e\000/\000s\000r\000c\000/\000e\000d\000g\000e\000s\000.\000c\000p\000p\000\040\000F\000i\000l\000e\000\040\000R\000e\000f\000e\000r\000e\000n\000c\000e}{chapter.4}% 124
\BOOKMARK [2][-]{subsection.4.7.1}{\376\377\0004\000.\0007\000.\0001\000\040\000F\000u\000n\000c\000t\000i\000o\000n\000\040\000D\000o\000c\000u\000m\000e\000n\000t\000a\000t\000i\000o\000n}{section.4.7}% 125
\BOOKMARK [3][-]{subsubsection.4.7.1.1}{\376\377\0004\000.\0007\000.\0001\000.\0001\000\040\000c\000o\000m\000p\000a\000r\000e\000F\000l\000o\000a\000t\000s\000\050\000\051}{subsection.4.7.1}% 126
\BOOKMARK [1][-]{section.4.8}{\376\377\0004\000.\0008\000\040\000/\000U\000s\000e\000r\000s\000/\000m\000a\000d\000h\000u\000r\000/\000D\000o\000c\000u\000m\000e\000n\000t\000s\000/\000S\000e\000m\000\040\0006\000/\000C\000O\000P\0002\0009\0000\000/\000A\000s\000s\000i\000g\000n\000m\000e\000n\000t\000\040\0001\000/\000g\000i\000t\000/\000a\000s\000s\000i\000g\000n\000m\000e\000n\000t\000\137\0001\000/\000C\000o\000d\000e\000/\000s\000r\000c\000/\000f\000a\000c\000e\000.\000c\000p\000p\000\040\000F\000i\000l\000e\000\040\000R\000e\000f\000e\000r\000e\000n\000c\000e}{chapter.4}% 127
\BOOKMARK [1][-]{section.4.9}{\376\377\0004\000.\0009\000\040\000/\000U\000s\000e\000r\000s\000/\000m\000a\000d\000h\000u\000r\000/\000D\000o\000c\000u\000m\000e\000n\000t\000s\000/\000S\000e\000m\000\040\0006\000/\000C\000O\000P\0002\0009\0000\000/\000A\000s\000s\000i\000g\000n\000m\000e\000n\000t\000\040\0001\000/\000g\000i\000t\000/\000a\000s\000s\000i\000g\000n\000m\000e\000n\000t\000\137\0001\000/\000C\000o\000d\000e\000/\000s\000r\000c\000/\000f\000a\000c\000e\000s\000.\000c\000p\000p\000\040\000F\000i\000l\000e\000\040\000R\000e\000f\000e\000r\000e\000n\000c\000e}{chapter.4}% 128
\BOOKMARK [1][-]{section.4.10}{\376\377\0004\000.\0001\0000\000\040\000/\000U\000s\000e\000r\000s\000/\000m\000a\000d\000h\000u\000r\000/\000D\000o\000c\000u\000m\000e\000n\000t\000s\000/\000S\000e\000m\000\040\0006\000/\000C\000O\000P\0002\0009\0000\000/\000A\000s\000s\000i\000g\000n\000m\000e\000n\000t\000\040\0001\000/\000g\000i\000t\000/\000a\000s\000s\000i\000g\000n\000m\000e\000n\000t\000\137\0001\000/\000C\000o\000d\000e\000/\000s\000r\000c\000/\000i\000n\000p\000u\000t\000.\000c\000p\000p\000\040\000F\000i\000l\000e\000\040\000R\000e\000f\000e\000r\000e\000n\000c\000e}{chapter.4}% 129
\BOOKMARK [2][-]{subsection.4.10.1}{\376\377\0004\000.\0001\0000\000.\0001\000\040\000F\000u\000n\000c\000t\000i\000o\000n\000\040\000D\000o\000c\000u\000m\000e\000n\000t\000a\000t\000i\000o\000n}{section.4.10}% 130
\BOOKMARK [3][-]{subsubsection.4.10.1.1}{\376\377\0004\000.\0001\0000\000.\0001\000.\0001\000\040\000i\000n\000p\000u\000t\000\050\000\051}{subsection.4.10.1}% 131
\BOOKMARK [1][-]{section.4.11}{\376\377\0004\000.\0001\0001\000\040\000/\000U\000s\000e\000r\000s\000/\000m\000a\000d\000h\000u\000r\000/\000D\000o\000c\000u\000m\000e\000n\000t\000s\000/\000S\000e\000m\000\040\0006\000/\000C\000O\000P\0002\0009\0000\000/\000A\000s\000s\000i\000g\000n\000m\000e\000n\000t\000\040\0001\000/\000g\000i\000t\000/\000a\000s\000s\000i\000g\000n\000m\000e\000n\000t\000\137\0001\000/\000C\000o\000d\000e\000/\000s\000r\000c\000/\000m\000a\000i\000n\000.\000c\000p\000p\000\040\000F\000i\000l\000e\000\040\000R\000e\000f\000e\000r\000e\000n\000c\000e}{chapter.4}% 132
\BOOKMARK [2][-]{subsection.4.11.1}{\376\377\0004\000.\0001\0001\000.\0001\000\040\000F\000u\000n\000c\000t\000i\000o\000n\000\040\000D\000o\000c\000u\000m\000e\000n\000t\000a\000t\000i\000o\000n}{section.4.11}% 133
\BOOKMARK [3][-]{subsubsection.4.11.1.1}{\376\377\0004\000.\0001\0001\000.\0001\000.\0001\000\040\000m\000a\000i\000n\000\050\000\051}{subsection.4.11.1}% 134
\BOOKMARK [1][-]{section.4.12}{\376\377\0004\000.\0001\0002\000\040\000/\000U\000s\000e\000r\000s\000/\000m\000a\000d\000h\000u\000r\000/\000D\000o\000c\000u\000m\000e\000n\000t\000s\000/\000S\000e\000m\000\040\0006\000/\000C\000O\000P\0002\0009\0000\000/\000A\000s\000s\000i\000g\000n\000m\000e\000n\000t\000\040\0001\000/\000g\000i\000t\000/\000a\000s\000s\000i\000g\000n\000m\000e\000n\000t\000\137\0001\000/\000C\000o\000d\000e\000/\000s\000r\000c\000/\000o\000u\000t\000p\000u\000t\000.\000c\000p\000p\000\040\000F\000i\000l\000e\000\040\000R\000e\000f\000e\000r\000e\000n\000c\000e}{chapter.4}% 135
\BOOKMARK [2][-]{subsection.4.12.1}{\376\377\0004\000.\0001\0002\000.\0001\000\040\000F\000u\000n\000c\000t\000i\000o\000n\000\040\000D\000o\000c\000u\000m\000e\000n\000t\000a\000t\000i\000o\000n}{section.4.12}% 136
\BOOKMARK [3][-]{subsubsection.4.12.1.1}{\376\377\0004\000.\0001\0002\000.\0001\000.\0001\000\040\000o\000u\000t\000p\000u\000t\000\050\000\051}{subsection.4.12.1}% 137
\BOOKMARK [1][-]{section.4.13}{\376\377\0004\000.\0001\0003\000\040\000/\000U\000s\000e\000r\000s\000/\000m\000a\000d\000h\000u\000r\000/\000D\000o\000c\000u\000m\000e\000n\000t\000s\000/\000S\000e\000m\000\040\0006\000/\000C\000O\000P\0002\0009\0000\000/\000A\000s\000s\000i\000g\000n\000m\000e\000n\000t\000\040\0001\000/\000g\000i\000t\000/\000a\000s\000s\000i\000g\000n\000m\000e\000n\000t\000\137\0001\000/\000C\000o\000d\000e\000/\000s\000r\000c\000/\000v\000e\000r\000t\000e\000x\000.\000c\000p\000p\000\040\000F\000i\000l\000e\000\040\000R\000e\000f\000e\000r\000e\000n\000c\000e}{chapter.4}% 138
\BOOKMARK [1][-]{section.4.14}{\376\377\0004\000.\0001\0004\000\040\000/\000U\000s\000e\000r\000s\000/\000m\000a\000d\000h\000u\000r\000/\000D\000o\000c\000u\000m\000e\000n\000t\000s\000/\000S\000e\000m\000\040\0006\000/\000C\000O\000P\0002\0009\0000\000/\000A\000s\000s\000i\000g\000n\000m\000e\000n\000t\000\040\0001\000/\000g\000i\000t\000/\000a\000s\000s\000i\000g\000n\000m\000e\000n\000t\000\137\0001\000/\000C\000o\000d\000e\000/\000s\000r\000c\000/\000v\000e\000r\000t\000i\000c\000e\000s\000.\000c\000p\000p\000\040\000F\000i\000l\000e\000\040\000R\000e\000f\000e\000r\000e\000n\000c\000e}{chapter.4}% 139
\BOOKMARK [0][-]{section*.30}{\376\377\000I\000n\000d\000e\000x}{}% 140
